<?xml version="1.0" encoding="UTF-8"?>
<testsuite name="tests.RenfeBuyingTest" tests="1" skipped="0" failures="0" errors="0" timestamp="2021-05-03T16:28:43" hostname="US-C02F235LMD6M." time="8.739">
  <properties/>
  <testcase name="searcTicket" classname="tests.RenfeBuyingTest" time="8.739"/>
  <system-out><![CDATA[]]></system-out>
  <system-err><![CDATA[Starting ChromeDriver 89.0.4389.23 (61b08ee2c50024bab004e48d2b1b083cdbdac579-refs/branch-heads/4389@{#294}) on port 25486
Only local connections are allowed.
Please see https://chromedriver.chromium.org/security-considerations for suggestions on keeping ChromeDriver safe.
ChromeDriver was started successfully.
[1620059312.072][WARNING]: This version of ChromeDriver has not been tested with Chrome version 90.
May 03, 2021 11:28:32 AM org.openqa.selenium.remote.ProtocolHandshake createSession
INFO: Detected dialect: W3C
]]></system-err>
</testsuite>
