<?xml version="1.0" encoding="UTF-8"?>
<testsuite name="tests.RenfeBuyingTest" tests="1" skipped="0" failures="0" errors="0" timestamp="2021-05-03T14:10:22" hostname="US-C02F235LMD6M." time="11.382">
  <properties/>
  <testcase name="searcTicket" classname="tests.RenfeBuyingTest" time="11.382"/>
  <system-out><![CDATA[]]></system-out>
  <system-err><![CDATA[Starting ChromeDriver 89.0.4389.23 (61b08ee2c50024bab004e48d2b1b083cdbdac579-refs/branch-heads/4389@{#294}) on port 31799
Only local connections are allowed.
Please see https://chromedriver.chromium.org/security-considerations for suggestions on keeping ChromeDriver safe.
ChromeDriver was started successfully.
[1620051020.258][WARNING]: This version of ChromeDriver has not been tested with Chrome version 90.
May 03, 2021 9:10:20 AM org.openqa.selenium.remote.ProtocolHandshake createSession
INFO: Detected dialect: W3C
]]></system-err>
</testsuite>
